<?xml version="1.0" encoding="UTF-8"?>
<testng-results skipped="0" failed="0" ignored="0" total="1" passed="1">
  <reporter-output>
  </reporter-output>
  <suite name="Default suite" duration-ms="3636" started-at="2022-01-06T09:33:26 CST" finished-at="2022-01-06T09:33:30 CST">
    <groups>
    </groups>
    <test name="Default test" duration-ms="3636" started-at="2022-01-06T09:33:26 CST" finished-at="2022-01-06T09:33:30 CST">
      <class name="tests.LocalServerGetRequest">
        <test-method status="PASS" signature="getUsers()[pri:0, instance:tests.LocalServerGetRequest@e320068]" name="getUsers" duration-ms="3543" started-at="2022-01-06T09:33:26 CST" finished-at="2022-01-06T09:33:30 CST">
          <reporter-output>
          </reporter-output>
        </test-method> <!-- getUsers -->
      </class> <!-- tests.LocalServerGetRequest -->
    </test> <!-- Default test -->
  </suite> <!-- Default suite -->
</testng-results>
